Get from luminoso
Create a project on Luminoso
Get from luminoso
Delete a project on Luminoso
Get from luminoso
Delete a project on Luminoso
Get from luminoso
Delete a project on Luminoso
Get from luminoso
Get from luminoso
Get from luminoso
Get from luminoso
Upload documents Luminoso
Get from luminoso
Get Correlation
Get from luminoso
Get Correlation
Get Correlation
Echo:null
Get from luminoso
Get Correlation
Get from luminoso
Echo:null
Get from luminoso
Delete a project on Luminoso
Get from luminoso
Get from luminoso
Delete a project on Luminoso
Get from luminoso
Delete a project on Luminoso
Get from luminoso
Get from luminoso
Get from luminoso
Get from luminoso
Get Correlation
Set the topics
Get from luminoso
Get from luminoso
Get from luminoso
Get from luminoso
Get from luminoso
Set the topics
Get from luminoso
Get Correlation
Get Correlation
Set the topics
Get from luminoso
Get from luminoso
Delete a project on Luminoso
Get from luminoso
Get from luminoso
Get Correlation
Get from luminoso
Delete a project on Luminoso
Get from luminoso
Delete a project on Luminoso
Get from luminoso
Get Correlation
Get Correlation
Get Correlation
Get Correlation
Get Correlation
Get Correlation
Get Correlation
Get Correlation
Get Correlation
Get Correlation
Get Correlation
Get Correlation
Get Correlation
Get Correlation
Get Correlation
Get Correlation
Get Correlation
Get Correlation
Get Correlation
Get Correlation
Get Correlation
Get Correlation
Get Correlation
Get Correlation
Get Correlation
Get Correlation
Get Correlation
Get Correlation
Get Correlation
Get Correlation
Get Correlation
Get Correlation
Get Correlation
Get Correlation
Get Correlation
Get Correlation
Get Correlation
Get Correlation
Get Correlation
Get Correlation
Get Correlation
Get Correlation
Get Correlation
Get Correlation
Get Correlation
Get Correlation
Get Correlation
Get Correlation
Get Correlation
Get Correlation
Get Correlation
Get Correlation
Get Correlation
Get Correlation
Get Correlation
Get Correlation
Get Correlation
Get Correlation
Get Correlation
Get Correlation
Get Correlation
Get Correlation
Get Correlation
Get Correlation
Get Correlation
Get Correlation
Get Correlation
Get Correlation
Get Correlation
Get Correlation
Get Correlation
Get Correlation
Get Correlation
Get Correlation
Get Correlation
Get Correlation
Get Correlation
Get Correlation
Get Correlation
Get Correlation
Get Correlation
Get Correlation
Get Correlation
Get Correlation
Get Correlation
Get Correlation
Get Correlation
Get Correlation
Get Correlation
Get Correlation
Get Correlation
Get Correlation
Get Correlation
Get Correlation
Get Correlation
Get Correlation
Get Correlation
Get Correlation
Get Correlation
Get Correlation
Get Correlation
Get Correlation
Get Correlation
Get Correlation
Get Correlation
Get Correlation
Get Correlation
Get Correlation
Get Correlation
Get Correlation
Get Correlation
Get Correlation
Get Correlation
Get Correlation
Get Correlation
Get Correlation
Get Correlation
Get Correlation
Get Correlation
Get Correlation
Get Correlation
Get Correlation
Get Correlation
Get Correlation
Get Correlation
Get Correlation
Get Correlation
Get Correlation
Get Correlation
Get Correlation
Get Correlation
Get Correlation
Get Correlation
Get Correlation
Get Correlation
Get Correlation
Get Correlation
